This is pdfTeX, Version 3.14159265-2.6-1.40.21 (TeX Live 2020/W32TeX) (preloaded format=pdflatex 2020.9.1)  7 SEP 2020 22:41
entering extended mode
 \write18 enabled.
 file:line:error style messages enabled.
 %&-line parsing enabled.
**c:/Users/Matthew/Documents/GitHub/2020-WP-Project/Documentation_Latex/Documentation.tex
(c:/Users/Matthew/Documents/GitHub/2020-WP-Project/Documentation_Latex/Documentation.tex
LaTeX2e <2020-02-02> patch level 5
L3 programming layer <2020-08-07> (c:/texlive/2020/texmf-dist/tex/latex/base/article.cls
Document Class: article 2019/12/20 v1.4l Standard LaTeX document class
(c:/texlive/2020/texmf-dist/tex/latex/base/size11.clo
File: size11.clo 2019/12/20 v1.4l Standard LaTeX file (size option)
)
\c@part=\count168
\c@section=\count169
\c@subsection=\count170
\c@subsubsection=\count171
\c@paragraph=\count172
\c@subparagraph=\count173
\c@figure=\count174
\c@table=\count175
\abovecaptionskip=\skip47
\belowcaptionskip=\skip48
\bibindent=\dimen134
) (c:/texlive/2020/texmf-dist/tex/latex/preprint/fullpage.sty
Package: fullpage 1999/02/23 1.1 (PWD)
\FP@margin=\skip49
) (c:/texlive/2020/texmf-dist/tex/latex/geometry/geometry.sty
Package: geometry 2020/01/02 v5.9 Page Geometry
 (c:/texlive/2020/texmf-dist/tex/latex/graphics/keyval.sty
Package: keyval 2014/10/28 v1.15 key=value parser (DPC)
\KV@toks@=\toks15
) (c:/texlive/2020/texmf-dist/tex/generic/iftex/ifvtex.sty
Package: ifvtex 2019/10/25 v1.7 ifvtex legacy package. Use iftex instead.
 (c:/texlive/2020/texmf-dist/tex/generic/iftex/iftex.sty
Package: iftex 2020/03/06 v1.0d TeX engine tests
))
\Gm@cnth=\count176
\Gm@cntv=\count177
\c@Gm@tempcnt=\count178
\Gm@bindingoffset=\dimen135
\Gm@wd@mp=\dimen136
\Gm@odd@mp=\dimen137
\Gm@even@mp=\dimen138
\Gm@layoutwidth=\dimen139
\Gm@layoutheight=\dimen140
\Gm@layouthoffset=\dimen141
\Gm@layoutvoffset=\dimen142
\Gm@dimlist=\toks16
) (c:/texlive/2020/texmf-dist/tex/latex/amsmath/amsmath.sty
Package: amsmath 2020/01/20 v2.17e AMS math features
\@mathmargin=\skip50

For additional information on amsmath, use the `?' option.
(c:/texlive/2020/texmf-dist/tex/latex/amsmath/amstext.sty
Package: amstext 2000/06/29 v2.01 AMS text
 (c:/texlive/2020/texmf-dist/tex/latex/amsmath/amsgen.sty
File: amsgen.sty 1999/11/30 v2.0 generic functions
\@emptytoks=\toks17
\ex@=\dimen143
)) (c:/texlive/2020/texmf-dist/tex/latex/amsmath/amsbsy.sty
Package: amsbsy 1999/11/29 v1.2d Bold Symbols
\pmbraise@=\dimen144
) (c:/texlive/2020/texmf-dist/tex/latex/amsmath/amsopn.sty
Package: amsopn 2016/03/08 v2.02 operator names
)
\inf@bad=\count179
LaTeX Info: Redefining \frac on input line 227.
\uproot@=\count180
\leftroot@=\count181
LaTeX Info: Redefining \overline on input line 389.
\classnum@=\count182
\DOTSCASE@=\count183
LaTeX Info: Redefining \ldots on input line 486.
LaTeX Info: Redefining \dots on input line 489.
LaTeX Info: Redefining \cdots on input line 610.
\Mathstrutbox@=\box45
\strutbox@=\box46
\big@size=\dimen145
LaTeX Font Info:    Redeclaring font encoding OML on input line 733.
LaTeX Font Info:    Redeclaring font encoding OMS on input line 734.
\macc@depth=\count184
\c@MaxMatrixCols=\count185
\dotsspace@=\muskip16
\c@parentequation=\count186
\dspbrk@lvl=\count187
\tag@help=\toks18
\row@=\count188
\column@=\count189
\maxfields@=\count190
\andhelp@=\toks19
\eqnshift@=\dimen146
\alignsep@=\dimen147
\tagshift@=\dimen148
\tagwidth@=\dimen149
\totwidth@=\dimen150
\lineht@=\dimen151
\@envbody=\toks20
\multlinegap=\skip51
\multlinetaggap=\skip52
\mathdisplay@stack=\toks21
LaTeX Info: Redefining \[ on input line 2859.
LaTeX Info: Redefining \] on input line 2860.
) (c:/texlive/2020/texmf-dist/tex/latex/amscls/amsthm.sty
Package: amsthm 2020/05/29 v2.20.6
\thm@style=\toks22
\thm@bodyfont=\toks23
\thm@headfont=\toks24
\thm@notefont=\toks25
\thm@headpunct=\toks26
\thm@preskip=\skip53
\thm@postskip=\skip54
\thm@headsep=\skip55
\dth@everypar=\toks27
) (c:/texlive/2020/texmf-dist/tex/latex/amsfonts/amsfonts.sty
Package: amsfonts 2013/01/14 v3.01 Basic AMSFonts support
\symAMSa=\mathgroup4
\symAMSb=\mathgroup5
LaTeX Font Info:    Redeclaring math symbol \hbar on input line 98.
LaTeX Font Info:    Overwriting math alphabet `\mathfrak' in version `bold'
(Font)                  U/euf/m/n --> U/euf/b/n on input line 106.
) (c:/texlive/2020/texmf-dist/tex/latex/amsfonts/amssymb.sty
Package: amssymb 2013/01/14 v3.01 AMS font symbols
) (c:/texlive/2020/texmf-dist/tex/latex/amsmath/amscd.sty
Package: amscd 2017/04/14 v2.1 AMS Commutative Diagrams
\athelp@=\toks28
\minaw@=\dimen152
\bigaw@=\dimen153
\minCDarrowwidth=\dimen154
) (c:/texlive/2020/texmf-dist/tex/latex/lastpage/lastpage.sty
Package: lastpage 2015/03/29 v1.2m Refers to last page's name (HMM; JPG)
) (c:/texlive/2020/texmf-dist/tex/latex/tools/enumerate.sty
Package: enumerate 2015/07/23 v3.00 enumerate extensions (DPC)
\@enLab=\toks29
) (c:/texlive/2020/texmf-dist/tex/latex/fancyhdr/fancyhdr.sty
Package: fancyhdr 2019/01/31 v3.10 Extensive control of page headers and footers
\f@nch@headwidth=\skip56
\f@nch@O@elh=\skip57
\f@nch@O@erh=\skip58
\f@nch@O@olh=\skip59
\f@nch@O@orh=\skip60
\f@nch@O@elf=\skip61
\f@nch@O@erf=\skip62
\f@nch@O@olf=\skip63
\f@nch@O@orf=\skip64
) (c:/texlive/2020/texmf-dist/tex/latex/jknapltx/mathrsfs.sty
Package: mathrsfs 1996/01/01 Math RSFS package v1.0 (jk)
\symrsfs=\mathgroup6
) (c:/texlive/2020/texmf-dist/tex/latex/xcolor/xcolor.sty
Package: xcolor 2016/05/11 v2.12 LaTeX color extensions (UK)
 (c:/texlive/2020/texmf-dist/tex/latex/graphics-cfg/color.cfg
File: color.cfg 2016/01/02 v1.6 sample color configuration
)
Package xcolor Info: Driver file: pdftex.def on input line 225.
 (c:/texlive/2020/texmf-dist/tex/latex/graphics-def/pdftex.def
File: pdftex.def 2018/01/08 v1.0l Graphics/color driver for pdftex
)
Package xcolor Info: Model `cmy' substituted by `cmy0' on input line 1348.
Package xcolor Info: Model `hsb' substituted by `rgb' on input line 1352.
Package xcolor Info: Model `RGB' extended on input line 1364.
Package xcolor Info: Model `HTML' substituted by `rgb' on input line 1366.
Package xcolor Info: Model `Hsb' substituted by `hsb' on input line 1367.
Package xcolor Info: Model `tHsb' substituted by `hsb' on input line 1368.
Package xcolor Info: Model `HSB' substituted by `hsb' on input line 1369.
Package xcolor Info: Model `Gray' substituted by `gray' on input line 1370.
Package xcolor Info: Model `wave' substituted by `hsb' on input line 1371.
) (c:/texlive/2020/texmf-dist/tex/latex/graphics/graphicx.sty
Package: graphicx 2019/11/30 v1.2a Enhanced LaTeX Graphics (DPC,SPQR)
 (c:/texlive/2020/texmf-dist/tex/latex/graphics/graphics.sty
Package: graphics 2019/11/30 v1.4a Standard LaTeX Graphics (DPC,SPQR)
 (c:/texlive/2020/texmf-dist/tex/latex/graphics/trig.sty
Package: trig 2016/01/03 v1.10 sin cos tan (DPC)
) (c:/texlive/2020/texmf-dist/tex/latex/graphics-cfg/graphics.cfg
File: graphics.cfg 2016/06/04 v1.11 sample graphics configuration
)
Package graphics Info: Driver file: pdftex.def on input line 105.
)
\Gin@req@height=\dimen155
\Gin@req@width=\dimen156
) (c:/texlive/2020/texmf-dist/tex/latex/listings/listings.sty
\lst@mode=\count191
\lst@gtempboxa=\box47
\lst@token=\toks30
\lst@length=\count192
\lst@currlwidth=\dimen157
\lst@column=\count193
\lst@pos=\count194
\lst@lostspace=\dimen158
\lst@width=\dimen159
\lst@newlines=\count195
\lst@lineno=\count196
\lst@maxwidth=\dimen160
 (c:/texlive/2020/texmf-dist/tex/latex/listings/lstmisc.sty
File: lstmisc.sty 2020/03/24 1.8d (Carsten Heinz)
\c@lstnumber=\count197
\lst@skipnumbers=\count198
\lst@framebox=\box48
) (c:/texlive/2020/texmf-dist/tex/latex/listings/listings.cfg
File: listings.cfg 2020/03/24 1.8d listings configuration
))
Package: listings 2020/03/24 1.8d (Carsten Heinz)
 (c:/texlive/2020/texmf-dist/tex/latex/booktabs/booktabs.sty
Package: booktabs 2020/01/12 v1.61803398 Publication quality tables
\heavyrulewidth=\dimen161
\lightrulewidth=\dimen162
\cmidrulewidth=\dimen163
\belowrulesep=\dimen164
\belowbottomsep=\dimen165
\aboverulesep=\dimen166
\abovetopsep=\dimen167
\cmidrulesep=\dimen168
\cmidrulekern=\dimen169
\defaultaddspace=\dimen170
\@cmidla=\count199
\@cmidlb=\count266
\@aboverulesep=\dimen171
\@belowrulesep=\dimen172
\@thisruleclass=\count267
\@lastruleclass=\count268
\@thisrulewidth=\dimen173
) (c:/texlive/2020/texmf-dist/tex/latex/base/inputenc.sty
Package: inputenc 2018/08/11 v1.3c Input encoding file
\inpenc@prehook=\toks31
\inpenc@posthook=\toks32
) (c:/texlive/2020/texmf-dist/tex/latex/physics/physics.sty
Package: physics 
 (c:/texlive/2020/texmf-dist/tex/latex/l3packages/xparse/xparse.sty (c:/texlive/2020/texmf-dist/tex/latex/l3kernel/expl3.sty
Package: expl3 2020-08-07 L3 programming layer (loader) 
 (c:/texlive/2020/texmf-dist/tex/latex/l3backend/l3backend-pdfmode.def
File: l3backend-pdfmode.def 2020-08-07 L3 backend support: PDF mode
\l__kernel_color_stack_int=\count269
\l__pdf_internal_box=\box49
))
Package: xparse 2020-05-15 L3 Experimental document command parser
 (c:/texlive/2020/texmf-dist/tex/latex/l3packages/xparse/xparse-generic.tex
\l__xparse_current_arg_int=\count270
\g__xparse_grabber_int=\count271
\l__xparse_m_args_int=\count272
\l__xparse_v_nesting_int=\count273
))) (c:/texlive/2020/texmf-dist/tex/latex/hyperref/hyperref.sty
Package: hyperref 2020-05-15 v7.00e Hypertext links for LaTeX
 (c:/texlive/2020/texmf-dist/tex/generic/ltxcmds/ltxcmds.sty
Package: ltxcmds 2019/12/15 v1.24 LaTeX kernel commands for general use (HO)
) (c:/texlive/2020/texmf-dist/tex/generic/pdftexcmds/pdftexcmds.sty
Package: pdftexcmds 2020-06-27 v0.33 Utility functions of pdfTeX for LuaTeX (HO)
 (c:/texlive/2020/texmf-dist/tex/generic/infwarerr/infwarerr.sty
Package: infwarerr 2019/12/03 v1.5 Providing info/warning/error messages (HO)
)
Package pdftexcmds Info: \pdf@primitive is available.
Package pdftexcmds Info: \pdf@ifprimitive is available.
Package pdftexcmds Info: \pdfdraftmode found.
) (c:/texlive/2020/texmf-dist/tex/generic/kvsetkeys/kvsetkeys.sty
Package: kvsetkeys 2019/12/15 v1.18 Key value parser (HO)
) (c:/texlive/2020/texmf-dist/tex/generic/kvdefinekeys/kvdefinekeys.sty
Package: kvdefinekeys 2019-12-19 v1.6 Define keys (HO)
) (c:/texlive/2020/texmf-dist/tex/generic/pdfescape/pdfescape.sty
Package: pdfescape 2019/12/09 v1.15 Implements pdfTeX's escape features (HO)
) (c:/texlive/2020/texmf-dist/tex/latex/hycolor/hycolor.sty
Package: hycolor 2020-01-27 v1.10 Color options for hyperref/bookmark (HO)
) (c:/texlive/2020/texmf-dist/tex/latex/letltxmacro/letltxmacro.sty
Package: letltxmacro 2019/12/03 v1.6 Let assignment for LaTeX macros (HO)
) (c:/texlive/2020/texmf-dist/tex/latex/auxhook/auxhook.sty
Package: auxhook 2019-12-17 v1.6 Hooks for auxiliary files (HO)
) (c:/texlive/2020/texmf-dist/tex/latex/kvoptions/kvoptions.sty
Package: kvoptions 2019/11/29 v3.13 Key value format for package options (HO)
)
\@linkdim=\dimen174
\Hy@linkcounter=\count274
\Hy@pagecounter=\count275
 (c:/texlive/2020/texmf-dist/tex/latex/hyperref/pd1enc.def
File: pd1enc.def 2020-05-15 v7.00e Hyperref: PDFDocEncoding definition (HO)
Now handling font encoding PD1 ...
... no UTF-8 mapping file for font encoding PD1
) (c:/texlive/2020/texmf-dist/tex/generic/intcalc/intcalc.sty
Package: intcalc 2019/12/15 v1.3 Expandable calculations with integers (HO)
) (c:/texlive/2020/texmf-dist/tex/generic/etexcmds/etexcmds.sty
Package: etexcmds 2019/12/15 v1.7 Avoid name clashes with e-TeX commands (HO)
)
\Hy@SavedSpaceFactor=\count276
Package hyperref Info: Option `colorlinks' set `true' on input line 4338.
Package hyperref Info: Hyper figures OFF on input line 4464.
Package hyperref Info: Link nesting OFF on input line 4469.
Package hyperref Info: Hyper index ON on input line 4472.
Package hyperref Info: Plain pages OFF on input line 4479.
Package hyperref Info: Backreferencing OFF on input line 4484.
Package hyperref Info: Implicit mode ON; LaTeX internals redefined.
Package hyperref Info: Bookmarks ON on input line 4717.
\c@Hy@tempcnt=\count277
 (c:/texlive/2020/texmf-dist/tex/latex/url/url.sty
\Urlmuskip=\muskip17
Package: url 2013/09/16  ver 3.4  Verb mode for urls, etc.
)
LaTeX Info: Redefining \url on input line 5076.
\XeTeXLinkMargin=\dimen175
 (c:/texlive/2020/texmf-dist/tex/generic/bitset/bitset.sty
Package: bitset 2019/12/09 v1.3 Handle bit-vector datatype (HO)
 (c:/texlive/2020/texmf-dist/tex/generic/bigintcalc/bigintcalc.sty
Package: bigintcalc 2019/12/15 v1.5 Expandable calculations on big integers (HO)
))
\Fld@menulength=\count278
\Field@Width=\dimen176
\Fld@charsize=\dimen177
Package hyperref Info: Hyper figures OFF on input line 6347.
Package hyperref Info: Link nesting OFF on input line 6352.
Package hyperref Info: Hyper index ON on input line 6355.
Package hyperref Info: backreferencing OFF on input line 6362.
Package hyperref Info: Link coloring ON on input line 6365.
Package hyperref Info: Link coloring with OCG OFF on input line 6372.
Package hyperref Info: PDF/A mode OFF on input line 6377.
LaTeX Info: Redefining \ref on input line 6417.
LaTeX Info: Redefining \pageref on input line 6421.
 (c:/texlive/2020/texmf-dist/tex/generic/atbegshi/atbegshi.sty
Package: atbegshi 2019/12/05 v1.19 At begin shipout hook (HO)
)
\Hy@abspage=\count279
\c@Item=\count280
\c@Hfootnote=\count281
)
Package hyperref Info: Driver (autodetected): hpdftex.
 (c:/texlive/2020/texmf-dist/tex/latex/hyperref/hpdftex.def
File: hpdftex.def 2020-05-15 v7.00e Hyperref driver for pdfTeX
 (c:/texlive/2020/texmf-dist/tex/latex/atveryend/atveryend.sty
Package: atveryend 2019-12-11 v1.11 Hooks at the very end of document (HO)
Package atveryend Info: \enddocument detected (standard20110627).
)
\Fld@listcount=\count282
\c@bookmark@seq@number=\count283
 (c:/texlive/2020/texmf-dist/tex/latex/rerunfilecheck/rerunfilecheck.sty
Package: rerunfilecheck 2019/12/05 v1.9 Rerun checks for auxiliary files (HO)
 (c:/texlive/2020/texmf-dist/tex/generic/uniquecounter/uniquecounter.sty
Package: uniquecounter 2019/12/15 v1.4 Provide unlimited unique counter (HO)
)
Package uniquecounter Info: New unique counter `rerunfilecheck' on input line 286.
)
\Hy@SectionHShift=\skip65
) (c:/texlive/2020/texmf-dist/tex/latex/siunitx/siunitx.sty
Package: siunitx 2020/02/25 v2.8b A comprehensive (SI) units package
 (c:/texlive/2020/texmf-dist/tex/latex/tools/array.sty
Package: array 2019/08/31 v2.4l Tabular extension package (FMi)
\col@sep=\dimen178
\ar@mcellbox=\box50
\extrarowheight=\dimen179
\NC@list=\toks33
\extratabsurround=\skip66
\backup@length=\skip67
\ar@cellbox=\box51
) (c:/texlive/2020/texmf-dist/tex/latex/l3packages/l3keys2e/l3keys2e.sty
Package: l3keys2e 2020-05-15 LaTeX2e option processing using LaTeX3 keys
)
\l__siunitx_tmp_box=\box52
\l__siunitx_tmp_dim=\dimen180
\l__siunitx_tmp_int=\count284
\l__siunitx_number_mantissa_length_int=\count285
\l__siunitx_number_uncert_length_int=\count286
\l__siunitx_round_int=\count287
\l__siunitx_process_decimal_int=\count288
\l__siunitx_process_uncertainty_int=\count289
\l__siunitx_process_fixed_int=\count290
\l__siunitx_process_integer_min_int=\count291
\l__siunitx_process_precision_int=\count292
\l__siunitx_group_min_int=\count293
\l__siunitx_angle_marker_box=\box53
\l__siunitx_angle_unit_box=\box54
\l__siunitx_angle_marker_dim=\dimen181
\l__siunitx_angle_unit_dim=\dimen182
\l__siunitx_unit_int=\count294
\l__siunitx_unit_denominator_int=\count295
\l__siunitx_unit_numerator_int=\count296
\l__siunitx_unit_prefix_int=\count297
\l__siunitx_unit_prefix_base_int=\count298
\l__siunitx_unit_prefix_gram_int=\count299
\l__siunitx_number_product_int=\count300
\c__siunitx_one_fill_skip=\skip68
\l__siunitx_table_unit_align_skip=\skip69
\l__siunitx_table_exponent_dim=\dimen183
\l__siunitx_table_integer_dim=\dimen184
\l__siunitx_table_mantissa_dim=\dimen185
\l__siunitx_table_marker_dim=\dimen186
\l__siunitx_table_result_dim=\dimen187
\l__siunitx_table_uncert_dim=\dimen188
\l__siunitx_table_fill_pre_dim=\dimen189
\l__siunitx_table_fill_post_dim=\dimen190
\l__siunitx_table_fill_mid_dim=\dimen191
\l__siunitx_table_pre_box=\box55
\l__siunitx_table_post_box=\box56
\l__siunitx_table_mantissa_box=\box57
\l__siunitx_table_result_box=\box58
\l__siunitx_table_number_align_skip=\skip70
\l__siunitx_table_text_align_skip=\skip71
 (c:/texlive/2020/texmf-dist/tex/latex/translator/translator.sty
Package: translator 2020-08-03 v1.12c Easy translation of strings in LaTeX
)) (c:/texlive/2020/texmf-dist/tex/latex/tools/bm.sty
Package: bm 2019/07/24 v1.2d Bold Symbol Support (DPC/FMi)
\symboldoperators=\mathgroup7
\symboldletters=\mathgroup8
\symboldsymbols=\mathgroup9
LaTeX Font Info:    Redeclaring math alphabet \mathbf on input line 141.
LaTeX Info: Redefining \bm on input line 209.
) (c:/texlive/2020/texmf-dist/tex/latex/float/float.sty
Package: float 2001/11/08 v1.3d Float enhancements (AL)
\c@float@type=\count301
\float@exts=\toks34
\float@box=\box59
\@float@everytoks=\toks35
\@floatcapt=\box60
) (c:/texlive/2020/texmf-dist/tex/latex/pdfpages/pdfpages.sty
Package: pdfpages 2020/01/28 v0.5q Insert pages of external PDF documents (AM)
 (c:/texlive/2020/texmf-dist/tex/latex/base/ifthen.sty
Package: ifthen 2014/09/29 v1.1c Standard LaTeX ifthen package (DPC)
) (c:/texlive/2020/texmf-dist/tex/latex/tools/calc.sty
Package: calc 2017/05/25 v4.3 Infix arithmetic (KKT,FJ)
\calc@Acount=\count302
\calc@Bcount=\count303
\calc@Adimen=\dimen192
\calc@Bdimen=\dimen193
\calc@Askip=\skip72
\calc@Bskip=\skip73
LaTeX Info: Redefining \setlength on input line 80.
LaTeX Info: Redefining \addtolength on input line 81.
\calc@Ccount=\count304
\calc@Cskip=\skip74
) (c:/texlive/2020/texmf-dist/tex/latex/eso-pic/eso-pic.sty
Package: eso-pic 2018/04/12 v2.0h eso-pic (RN)
)
\AM@pagewidth=\dimen194
\AM@pageheight=\dimen195
 (c:/texlive/2020/texmf-dist/tex/latex/pdfpages/pppdftex.def
File: pppdftex.def 2020/01/28 v0.5q Pdfpages driver for pdfTeX (AM)
)
\AM@pagebox=\box61
\AM@global@opts=\toks36
\AM@pagecnt=\count305
\AM@toc@title=\toks37
\c@AM@survey=\count306
\AM@templatesizebox=\box62
) (c:/texlive/2020/texmf-dist/tex/latex/minted/minted.sty
Package: minted 2017/07/19 v2.5 Yet another Pygments shim for LaTeX
 (c:/texlive/2020/texmf-dist/tex/latex/fvextra/fvextra.sty
Package: fvextra 2019/02/04 v1.4 fvextra - extensions and patches for fancyvrb
 (c:/texlive/2020/texmf-dist/tex/latex/etoolbox/etoolbox.sty
Package: etoolbox 2020/08/24 v2.5j e-TeX tools for LaTeX (JAW)
\etb@tempcnta=\count307
) (c:/texlive/2020/texmf-dist/tex/latex/fancyvrb/fancyvrb.sty
Package: fancyvrb 2020/05/03 v3.6 verbatim text (tvz,hv)
\FV@CodeLineNo=\count308
\FV@InFile=\read2
\FV@TabBox=\box63
\c@FancyVerbLine=\count309
\FV@StepNumber=\count310
\FV@OutFile=\write3
) (c:/texlive/2020/texmf-dist/tex/latex/upquote/upquote.sty
Package: upquote 2012/04/19 v1.3 upright-quote and grave-accent glyphs in verbatim
) (c:/texlive/2020/texmf-dist/tex/latex/lineno/lineno.sty
Package: lineno 2005/11/02 line numbers on paragraphs v4.41
\linenopenalty=\count311
\output=\toks38
\linenoprevgraf=\count312
\linenumbersep=\dimen196
\linenumberwidth=\dimen197
\c@linenumber=\count313
\c@pagewiselinenumber=\count314
\c@LN@truepage=\count315
\c@internallinenumber=\count316
\c@internallinenumbers=\count317
\quotelinenumbersep=\dimen198
\bframerule=\dimen199
\bframesep=\dimen256
\bframebox=\box64
LaTeX Info: Redefining \\ on input line 3056.
)
\c@FV@TrueTabGroupLevel=\count318
\c@FV@TrueTabCounter=\count319
\FV@TabBox@Group=\box65
\FV@TmpLength=\skip75
\c@FV@HighlightLinesStart=\count320
\c@FV@HighlightLinesStop=\count321
\FV@LoopCount=\count322
\FV@NCharsBox=\box66
\FV@BreakIndent=\dimen257
\FV@BreakIndentNChars=\count323
\FV@BreakSymbolSepLeft=\dimen258
\FV@BreakSymbolSepLeftNChars=\count324
\FV@BreakSymbolSepRight=\dimen259
\FV@BreakSymbolSepRightNChars=\count325
\FV@BreakSymbolIndentLeft=\dimen260
\FV@BreakSymbolIndentLeftNChars=\count326
\FV@BreakSymbolIndentRight=\dimen261
\FV@BreakSymbolIndentRightNChars=\count327
\c@FancyVerbLineBreakLast=\count328
\FV@LineBox=\box67
\FV@LineIndentBox=\box68
\FV@LineWidth=\dimen262
) (c:/texlive/2020/texmf-dist/tex/latex/tools/shellesc.sty
Package: shellesc 2019/11/08 v1.0c unified shell escape interface for LaTeX
Package shellesc Info: Unrestricted shell escape enabled on input line 75.
) (c:/texlive/2020/texmf-dist/tex/latex/ifplatform/ifplatform.sty
Package: ifplatform 2017/10/13 v0.4a Testing for the operating system
 (c:/texlive/2020/texmf-dist/tex/generic/catchfile/catchfile.sty
Package: catchfile 2019/12/09 v1.8 Catch the contents of a file (HO)
) (c:/texlive/2020/texmf-dist/tex/generic/iftex/ifluatex.sty
Package: ifluatex 2019/10/25 v1.5 ifluatex legacy package. Use iftex instead.
)) (c:/texlive/2020/texmf-dist/tex/generic/xstring/xstring.sty (c:/texlive/2020/texmf-dist/tex/generic/xstring/xstring.tex
\integerpart=\count329
\decimalpart=\count330
)
Package: xstring 2019/02/06 v1.83 String manipulations (CT)
) (c:/texlive/2020/texmf-dist/tex/latex/framed/framed.sty
Package: framed 2011/10/22 v 0.96: framed or shaded text with page breaks
\OuterFrameSep=\skip76
\fb@frw=\dimen263
\fb@frh=\dimen264
\FrameRule=\dimen265
\FrameSep=\dimen266
)
\minted@appexistsfile=\read3
\minted@bgbox=\box69
\minted@code=\write4
\c@minted@FancyVerbLineTemp=\count331
\c@minted@pygmentizecounter=\count332
\@float@every@listing=\toks39
\c@listing=\count333
)
runsystem(if not exist _minted-Documentation mkdir _minted-Documentation)...executed.

\c@sol=\count334
\c@thm=\count335
runsystem(for ^%i in (pygmentize.exe pygmentize.bat pygmentize.cmd) do set > Documentation.aex <nul: /p x=^%~$PATH:i>> Documentation.aex)...executed.

runsystem(del Documentation.aex)...executed.

 (c:/Users/Matthew/Documents/GitHub/2020-WP-Project/Documentation_Latex/Documentation.aux)
\openout1 = `Documentation.aux'.

LaTeX Font Info:    Checking defaults for OML/cmm/m/it on input line 74.
LaTeX Font Info:    ... okay on input line 74.
LaTeX Font Info:    Checking defaults for OMS/cmsy/m/n on input line 74.
LaTeX Font Info:    ... okay on input line 74.
LaTeX Font Info:    Checking defaults for OT1/cmr/m/n on input line 74.
LaTeX Font Info:    ... okay on input line 74.
LaTeX Font Info:    Checking defaults for T1/cmr/m/n on input line 74.
LaTeX Font Info:    ... okay on input line 74.
LaTeX Font Info:    Checking defaults for TS1/cmr/m/n on input line 74.
LaTeX Font Info:    ... okay on input line 74.
LaTeX Font Info:    Checking defaults for OMX/cmex/m/n on input line 74.
LaTeX Font Info:    ... okay on input line 74.
LaTeX Font Info:    Checking defaults for U/cmr/m/n on input line 74.
LaTeX Font Info:    ... okay on input line 74.
LaTeX Font Info:    Checking defaults for PD1/pdf/m/n on input line 74.
LaTeX Font Info:    ... okay on input line 74.

*geometry* driver: auto-detecting
*geometry* detected driver: pdftex
*geometry* verbose mode - [ preamble ] result:
* driver: pdftex
* paper: letterpaper
* layout: <same size as paper>
* layoutoffset:(h,v)=(0.0pt,0.0pt)
* modes: 
* h-part:(L,W,R)=(71.13188pt, 472.03123pt, 71.13188pt)
* v-part:(T,H,B)=(56.9055pt, 610.02708pt, 128.0374pt)
* \paperwidth=614.295pt
* \paperheight=794.96999pt
* \textwidth=472.03123pt
* \textheight=610.02708pt
* \oddsidemargin=-1.1381pt
* \evensidemargin=-1.1381pt
* \topmargin=-39.36449pt
* \headheight=0.0pt
* \headsep=24.0pt
* \topskip=11.0pt
* \footskip=30.0pt
* \marginparwidth=59.0pt
* \marginparsep=10.0pt
* \columnsep=10.0pt
* \skip\footins=10.0pt plus 4.0pt minus 2.0pt
* \hoffset=0.0pt
* \voffset=0.0pt
* \mag=1000
* \@twocolumnfalse
* \@twosidefalse
* \@mparswitchfalse
* \@reversemarginfalse
* (1in=72.27pt=25.4mm, 1cm=28.453pt)

Package lastpage Info: Please have a look at the pageslts package at
(lastpage)             https://www.ctan.org/pkg/pageslts
(lastpage)             ! on input line 74.
(c:/texlive/2020/texmf-dist/tex/context/base/mkii/supp-pdf.mkii
[Loading MPS to PDF converter (version 2006.09.02).]
\scratchcounter=\count336
\scratchdimen=\dimen267
\scratchbox=\box70
\nofMPsegments=\count337
\nofMParguments=\count338
\everyMPshowfont=\toks40
\MPscratchCnt=\count339
\MPscratchDim=\dimen268
\MPnumerator=\count340
\makeMPintoPDFobject=\count341
\everyMPtoPDFconversion=\toks41
) (c:/texlive/2020/texmf-dist/tex/latex/epstopdf-pkg/epstopdf-base.sty
Package: epstopdf-base 2020-01-24 v2.11 Base part for package epstopdf
Package epstopdf-base Info: Redefining graphics rule for `.eps' on input line 485.
 (c:/texlive/2020/texmf-dist/tex/latex/latexconfig/epstopdf-sys.cfg
File: epstopdf-sys.cfg 2010/07/13 v1.3 Configuration of (r)epstopdf for TeX Live
)) (c:/texlive/2020/texmf-dist/tex/latex/base/textcomp.sty
Package: textcomp 2020/02/02 v2.0n Standard LaTeX package
)
\c@lstlisting=\count342
\AtBeginShipoutBox=\box71
Package hyperref Info: Link coloring ON on input line 74.
 (c:/texlive/2020/texmf-dist/tex/latex/hyperref/nameref.sty
Package: nameref 2019/09/16 v2.46 Cross-referencing by name of section
 (c:/texlive/2020/texmf-dist/tex/latex/refcount/refcount.sty
Package: refcount 2019/12/15 v3.6 Data extraction from label references (HO)
) (c:/texlive/2020/texmf-dist/tex/generic/gettitlestring/gettitlestring.sty
Package: gettitlestring 2019/12/15 v1.6 Cleanup title references (HO)
)
\c@section@level=\count343
)
LaTeX Info: Redefining \ref on input line 74.
LaTeX Info: Redefining \pageref on input line 74.
LaTeX Info: Redefining \nameref on input line 74.
 (c:/Users/Matthew/Documents/GitHub/2020-WP-Project/Documentation_Latex/Documentation.out) (c:/Users/Matthew/Documents/GitHub/2020-WP-Project/Documentation_Latex/Documentation.out)
\@outlinefile=\write5
\openout5 = `Documentation.out'.

 (c:/texlive/2020/texmf-dist/tex/latex/translator/translator-basic-dictionary-English.dict
Dictionary: translator-basic-dictionary, Language: English 
) (c:/texlive/2020/texmf-dist/tex/latex/siunitx/siunitx-abbreviations.cfg
File: siunitx-abbreviations.cfg 2017/11/26 v2.7k siunitx: Abbreviated units
) (c:/texlive/2020/texmf-dist/tex/latex/pdflscape/pdflscape.sty
Package: pdflscape 2019/12/05 v0.12 Display of landscape pages in PDF (HO)
 (c:/texlive/2020/texmf-dist/tex/latex/graphics/lscape.sty
Package: lscape 2000/10/22 v3.01 Landscape Pages (DPC)
)
Package pdflscape Info: Auto-detected driver: pdftex on input line 81.
)
LaTeX Font Info:    Trying to load font information for U+msa on input line 74.
 (c:/texlive/2020/texmf-dist/tex/latex/amsfonts/umsa.fd
File: umsa.fd 2013/01/14 v3.01 AMS symbols A
)
LaTeX Font Info:    Trying to load font information for U+msb on input line 74.
 (c:/texlive/2020/texmf-dist/tex/latex/amsfonts/umsb.fd
File: umsb.fd 2013/01/14 v3.01 AMS symbols B
)
LaTeX Font Info:    Trying to load font information for U+rsfs on input line 74.
 (c:/texlive/2020/texmf-dist/tex/latex/jknapltx/ursfs.fd
File: ursfs.fd 1998/03/24 rsfs font definition file (jk)
) (c:/Users/Matthew/Documents/GitHub/2020-WP-Project/Documentation_Latex/Documentation.toc)
\tf@toc=\write6
\openout6 = `Documentation.toc'.

 [1

{c:/texlive/2020/texmf-var/fonts/map/pdftex/updmap/pdftex.map}]
\openout3 = `Documentation.pyg'.

 (c:/Users/Matthew/Documents/GitHub/2020-WP-Project/Documentation_Latex/_minted-Documentation/default-pyg-prefix.pygstyle) (c:/Users/Matthew/Documents/GitHub/2020-WP-Project/Documentation_Latex/_minted-Documentation/default.pygstyle) (c:/Users/Matthew/Documents/GitHub/2020-WP-Project/Documentation_Latex/_minted-Documentation/E2CD040F06BBED36D88568C8549BFBE744E0AB4AC4B480BAD6C6275754419BF1.pygtex)
\openout3 = `Documentation.pyg'.

 (c:/Users/Matthew/Documents/GitHub/2020-WP-Project/Documentation_Latex/_minted-Documentation/06D64D3E9CFBFF0C2977FDC2876D6ECE44E0AB4AC4B480BAD6C6275754419BF1.pygtex)
<Windows_Compiler.png, id=81, 825.0825pt x 178.6675pt>
File: Windows_Compiler.png Graphic file (type png)
<use Windows_Compiler.png>
Package pdftex.def Info: Windows_Compiler.png  used on input line 132.
(pdftex.def)             Requested size: 283.22162pt x 61.32956pt.


Package Fancyhdr Warning: \headheight is too small (0.0pt): 
Make it at least 13.59999pt.
We now make it that large for the rest of the document.
This may cause the page layout to be inconsistent, however.

[2] [3 <c:/Users/Matthew/Documents/GitHub/2020-WP-Project/Documentation_Latex/Windows_Compiler.png>] [4]
File: Windows_Compiler.png Graphic file (type png)
<use Windows_Compiler.png>
Package pdftex.def Info: Windows_Compiler.png  used on input line 197.
(pdftex.def)             Requested size: 283.22162pt x 61.32956pt.
\openout3 = `Documentation.pyg'.

 (c:/Users/Matthew/Documents/GitHub/2020-WP-Project/Documentation_Latex/_minted-Documentation/E2CD040F06BBED36D88568C8549BFBE744E0AB4AC4B480BAD6C6275754419BF1.pygtex)
\openout3 = `Documentation.pyg'.

 (c:/Users/Matthew/Documents/GitHub/2020-WP-Project/Documentation_Latex/_minted-Documentation/06D64D3E9CFBFF0C2977FDC2876D6ECE44E0AB4AC4B480BAD6C6275754419BF1.pygtex)
<Ocean_report.pdf, id=106, 614.295pt x 794.97pt>
File: Ocean_report.pdf Graphic file (type pdf)
<use Ocean_report.pdf>
Package pdftex.def Info: Ocean_report.pdf  used on input line 226.
(pdftex.def)             Requested size: 614.29349pt x 794.96806pt.
File: Ocean_report.pdf Graphic file (type pdf)
<use Ocean_report.pdf>
Package pdftex.def Info: Ocean_report.pdf  used on input line 226.
(pdftex.def)             Requested size: 614.29349pt x 794.96806pt.
<Ocean_report.pdf, id=109, page=1, 614.295pt x 794.97pt>
File: Ocean_report.pdf Graphic file (type pdf)
<use Ocean_report.pdf, page 1>
Package pdftex.def Info: Ocean_report.pdf , page1 used on input line 226.
(pdftex.def)             Requested size: 614.29349pt x 794.96806pt.
File: Ocean_report.pdf Graphic file (type pdf)
<use Ocean_report.pdf, page 1>
Package pdftex.def Info: Ocean_report.pdf , page1 used on input line 226.
(pdftex.def)             Requested size: 614.58406pt x 795.3441pt.
 [5]
File: Ocean_report.pdf Graphic file (type pdf)
<use Ocean_report.pdf, page 1>
Package pdftex.def Info: Ocean_report.pdf , page1 used on input line 226.
(pdftex.def)             Requested size: 614.58406pt x 795.3441pt.
File: Ocean_report.pdf Graphic file (type pdf)
<use Ocean_report.pdf, page 1>
Package pdftex.def Info: Ocean_report.pdf , page1 used on input line 226.
(pdftex.def)             Requested size: 614.58406pt x 795.3441pt.
File: Ocean_report.pdf Graphic file (type pdf)
<use Ocean_report.pdf, page 1>
Package pdftex.def Info: Ocean_report.pdf , page1 used on input line 226.
(pdftex.def)             Requested size: 614.58406pt x 795.3441pt.
 [6 <c:/Users/Matthew/Documents/GitHub/2020-WP-Project/Documentation_Latex/Ocean_report.pdf>]
<Ocean_report.pdf, id=171, page=2, 614.295pt x 794.97pt>
File: Ocean_report.pdf Graphic file (type pdf)
<use Ocean_report.pdf, page 2>
Package pdftex.def Info: Ocean_report.pdf , page2 used on input line 226.
(pdftex.def)             Requested size: 614.58406pt x 795.3441pt.
File: Ocean_report.pdf Graphic file (type pdf)
<use Ocean_report.pdf, page 2>
Package pdftex.def Info: Ocean_report.pdf , page2 used on input line 226.
(pdftex.def)             Requested size: 614.58406pt x 795.3441pt.
File: Ocean_report.pdf Graphic file (type pdf)
<use Ocean_report.pdf, page 2>
Package pdftex.def Info: Ocean_report.pdf , page2 used on input line 226.
(pdftex.def)             Requested size: 614.58406pt x 795.3441pt.
 [7 <c:/Users/Matthew/Documents/GitHub/2020-WP-Project/Documentation_Latex/Ocean_report.pdf>]
<Ocean_report.pdf, id=212, page=3, 614.295pt x 794.97pt>
File: Ocean_report.pdf Graphic file (type pdf)
<use Ocean_report.pdf, page 3>
Package pdftex.def Info: Ocean_report.pdf , page3 used on input line 226.
(pdftex.def)             Requested size: 614.58406pt x 795.3441pt.
File: Ocean_report.pdf Graphic file (type pdf)
<use Ocean_report.pdf, page 3>
Package pdftex.def Info: Ocean_report.pdf , page3 used on input line 226.
(pdftex.def)             Requested size: 614.58406pt x 795.3441pt.
File: Ocean_report.pdf Graphic file (type pdf)
<use Ocean_report.pdf, page 3>
Package pdftex.def Info: Ocean_report.pdf , page3 used on input line 226.
(pdftex.def)             Requested size: 614.58406pt x 795.3441pt.
 [8 <c:/Users/Matthew/Documents/GitHub/2020-WP-Project/Documentation_Latex/Ocean_report.pdf>]
<Ocean_report.pdf, id=217, page=4, 614.295pt x 794.97pt>
File: Ocean_report.pdf Graphic file (type pdf)
<use Ocean_report.pdf, page 4>
Package pdftex.def Info: Ocean_report.pdf , page4 used on input line 226.
(pdftex.def)             Requested size: 614.58406pt x 795.3441pt.
File: Ocean_report.pdf Graphic file (type pdf)
<use Ocean_report.pdf, page 4>
Package pdftex.def Info: Ocean_report.pdf , page4 used on input line 226.
(pdftex.def)             Requested size: 614.58406pt x 795.3441pt.
File: Ocean_report.pdf Graphic file (type pdf)
<use Ocean_report.pdf, page 4>
Package pdftex.def Info: Ocean_report.pdf , page4 used on input line 226.
(pdftex.def)             Requested size: 614.58406pt x 795.3441pt.
 [9 <c:/Users/Matthew/Documents/GitHub/2020-WP-Project/Documentation_Latex/Ocean_report.pdf>]
<Ocean_report.pdf, id=223, page=5, 614.295pt x 794.97pt>
File: Ocean_report.pdf Graphic file (type pdf)
<use Ocean_report.pdf, page 5>
Package pdftex.def Info: Ocean_report.pdf , page5 used on input line 226.
(pdftex.def)             Requested size: 614.58406pt x 795.3441pt.
File: Ocean_report.pdf Graphic file (type pdf)
<use Ocean_report.pdf, page 5>
Package pdftex.def Info: Ocean_report.pdf , page5 used on input line 226.
(pdftex.def)             Requested size: 614.58406pt x 795.3441pt.
File: Ocean_report.pdf Graphic file (type pdf)
<use Ocean_report.pdf, page 5>
Package pdftex.def Info: Ocean_report.pdf , page5 used on input line 226.
(pdftex.def)             Requested size: 614.58406pt x 795.3441pt.
 [10 <c:/Users/Matthew/Documents/GitHub/2020-WP-Project/Documentation_Latex/Ocean_report.pdf>]
<Ocean_report.pdf, id=245, page=6, 614.295pt x 794.97pt>
File: Ocean_report.pdf Graphic file (type pdf)
<use Ocean_report.pdf, page 6>
Package pdftex.def Info: Ocean_report.pdf , page6 used on input line 226.
(pdftex.def)             Requested size: 614.58406pt x 795.3441pt.
File: Ocean_report.pdf Graphic file (type pdf)
<use Ocean_report.pdf, page 6>
Package pdftex.def Info: Ocean_report.pdf , page6 used on input line 226.
(pdftex.def)             Requested size: 614.58406pt x 795.3441pt.
File: Ocean_report.pdf Graphic file (type pdf)
<use Ocean_report.pdf, page 6>
Package pdftex.def Info: Ocean_report.pdf , page6 used on input line 226.
(pdftex.def)             Requested size: 614.58406pt x 795.3441pt.
 [11 <c:/Users/Matthew/Documents/GitHub/2020-WP-Project/Documentation_Latex/Ocean_report.pdf>]
<Ocean_report.pdf, id=253, page=7, 614.295pt x 794.97pt>
File: Ocean_report.pdf Graphic file (type pdf)
<use Ocean_report.pdf, page 7>
Package pdftex.def Info: Ocean_report.pdf , page7 used on input line 226.
(pdftex.def)             Requested size: 614.58406pt x 795.3441pt.
File: Ocean_report.pdf Graphic file (type pdf)
<use Ocean_report.pdf, page 7>
Package pdftex.def Info: Ocean_report.pdf , page7 used on input line 226.
(pdftex.def)             Requested size: 614.58406pt x 795.3441pt.
File: Ocean_report.pdf Graphic file (type pdf)
<use Ocean_report.pdf, page 7>
Package pdftex.def Info: Ocean_report.pdf , page7 used on input line 226.
(pdftex.def)             Requested size: 614.58406pt x 795.3441pt.
 [12 <c:/Users/Matthew/Documents/GitHub/2020-WP-Project/Documentation_Latex/Ocean_report.pdf>]
<Ocean_report.pdf, id=270, page=8, 614.295pt x 794.97pt>
File: Ocean_report.pdf Graphic file (type pdf)
<use Ocean_report.pdf, page 8>
Package pdftex.def Info: Ocean_report.pdf , page8 used on input line 226.
(pdftex.def)             Requested size: 614.58406pt x 795.3441pt.
File: Ocean_report.pdf Graphic file (type pdf)
<use Ocean_report.pdf, page 8>
Package pdftex.def Info: Ocean_report.pdf , page8 used on input line 226.
(pdftex.def)             Requested size: 614.58406pt x 795.3441pt.
File: Ocean_report.pdf Graphic file (type pdf)
<use Ocean_report.pdf, page 8>
Package pdftex.def Info: Ocean_report.pdf , page8 used on input line 226.
(pdftex.def)             Requested size: 614.58406pt x 795.3441pt.
 [13 <c:/Users/Matthew/Documents/GitHub/2020-WP-Project/Documentation_Latex/Ocean_report.pdf>]
<Ocean_report.pdf, id=286, page=9, 614.295pt x 794.97pt>
File: Ocean_report.pdf Graphic file (type pdf)
<use Ocean_report.pdf, page 9>
Package pdftex.def Info: Ocean_report.pdf , page9 used on input line 226.
(pdftex.def)             Requested size: 614.58406pt x 795.3441pt.
File: Ocean_report.pdf Graphic file (type pdf)
<use Ocean_report.pdf, page 9>
Package pdftex.def Info: Ocean_report.pdf , page9 used on input line 226.
(pdftex.def)             Requested size: 614.58406pt x 795.3441pt.
File: Ocean_report.pdf Graphic file (type pdf)
<use Ocean_report.pdf, page 9>
Package pdftex.def Info: Ocean_report.pdf , page9 used on input line 226.
(pdftex.def)             Requested size: 614.58406pt x 795.3441pt.
 [14 <c:/Users/Matthew/Documents/GitHub/2020-WP-Project/Documentation_Latex/Ocean_report.pdf>]
<Ocean_report.pdf, id=293, page=10, 614.295pt x 794.97pt>
File: Ocean_report.pdf Graphic file (type pdf)
<use Ocean_report.pdf, page 10>
Package pdftex.def Info: Ocean_report.pdf , page10 used on input line 226.
(pdftex.def)             Requested size: 614.58406pt x 795.3441pt.
File: Ocean_report.pdf Graphic file (type pdf)
<use Ocean_report.pdf, page 10>
Package pdftex.def Info: Ocean_report.pdf , page10 used on input line 226.
(pdftex.def)             Requested size: 614.58406pt x 795.3441pt.
File: Ocean_report.pdf Graphic file (type pdf)
<use Ocean_report.pdf, page 10>
Package pdftex.def Info: Ocean_report.pdf , page10 used on input line 226.
(pdftex.def)             Requested size: 614.58406pt x 795.3441pt.
 [15 <c:/Users/Matthew/Documents/GitHub/2020-WP-Project/Documentation_Latex/Ocean_report.pdf>]
<Ocean_report.pdf, id=303, page=11, 614.295pt x 794.97pt>
File: Ocean_report.pdf Graphic file (type pdf)
<use Ocean_report.pdf, page 11>
Package pdftex.def Info: Ocean_report.pdf , page11 used on input line 226.
(pdftex.def)             Requested size: 614.58406pt x 795.3441pt.
File: Ocean_report.pdf Graphic file (type pdf)
<use Ocean_report.pdf, page 11>
Package pdftex.def Info: Ocean_report.pdf , page11 used on input line 226.
(pdftex.def)             Requested size: 614.58406pt x 795.3441pt.
File: Ocean_report.pdf Graphic file (type pdf)
<use Ocean_report.pdf, page 11>
Package pdftex.def Info: Ocean_report.pdf , page11 used on input line 226.
(pdftex.def)             Requested size: 614.58406pt x 795.3441pt.
 [16 <c:/Users/Matthew/Documents/GitHub/2020-WP-Project/Documentation_Latex/Ocean_report.pdf>]
<Ocean_report.pdf, id=309, page=12, 614.295pt x 794.97pt>
File: Ocean_report.pdf Graphic file (type pdf)
<use Ocean_report.pdf, page 12>
Package pdftex.def Info: Ocean_report.pdf , page12 used on input line 226.
(pdftex.def)             Requested size: 614.58406pt x 795.3441pt.
File: Ocean_report.pdf Graphic file (type pdf)
<use Ocean_report.pdf, page 12>
Package pdftex.def Info: Ocean_report.pdf , page12 used on input line 226.
(pdftex.def)             Requested size: 614.58406pt x 795.3441pt.
File: Ocean_report.pdf Graphic file (type pdf)
<use Ocean_report.pdf, page 12>
Package pdftex.def Info: Ocean_report.pdf , page12 used on input line 226.
(pdftex.def)             Requested size: 614.58406pt x 795.3441pt.
 [17 <c:/Users/Matthew/Documents/GitHub/2020-WP-Project/Documentation_Latex/Ocean_report.pdf>]
<Ocean_report.pdf, id=318, page=13, 614.295pt x 794.97pt>
File: Ocean_report.pdf Graphic file (type pdf)
<use Ocean_report.pdf, page 13>
Package pdftex.def Info: Ocean_report.pdf , page13 used on input line 226.
(pdftex.def)             Requested size: 614.58406pt x 795.3441pt.
File: Ocean_report.pdf Graphic file (type pdf)
<use Ocean_report.pdf, page 13>
Package pdftex.def Info: Ocean_report.pdf , page13 used on input line 226.
(pdftex.def)             Requested size: 614.58406pt x 795.3441pt.
File: Ocean_report.pdf Graphic file (type pdf)
<use Ocean_report.pdf, page 13>
Package pdftex.def Info: Ocean_report.pdf , page13 used on input line 226.
(pdftex.def)             Requested size: 614.58406pt x 795.3441pt.
 [18 <c:/Users/Matthew/Documents/GitHub/2020-WP-Project/Documentation_Latex/Ocean_report.pdf>] 
AED: lastpage setting LastPage
[19]
Package atveryend Info: Empty hook `BeforeClearDocument' on input line 230.
Package atveryend Info: Empty hook `AfterLastShipout' on input line 230.
 (c:/Users/Matthew/Documents/GitHub/2020-WP-Project/Documentation_Latex/Documentation.aux)
Package atveryend Info: Executing hook `AtVeryEndDocument' on input line 230.
Package atveryend Info: Executing hook `AtEndAfterFileList' on input line 230.
Package rerunfilecheck Info: File `Documentation.out' has not changed.
(rerunfilecheck)             Checksum: 1C50D274EEA18964DF6D94B725274308;738.
runsystem(del Documentation.pyg)...executed.

Package atveryend Info: Empty hook `AtVeryVeryEnd' on input line 230.
 ) 
Here is how much of TeX's memory you used:
 16372 strings out of 480893
 294308 string characters out of 5911973
 612618 words of memory out of 5000000
 31619 multiletter control sequences out of 15000+600000
 548760 words of font info for 81 fonts, out of 8000000 for 9000
 1141 hyphenation exceptions out of 8191
 44i,18n,46p,1093b,879s stack positions out of 5000i,500n,10000p,200000b,80000s
{c:/texlive/2020/texmf-dist/fonts/enc/dvips/cm-super/cm-super-ts1.enc}<c:/texlive/2020/texmf-dist/fonts/type1/public/amsfonts/cm/cmbx10.pfb><c:/texlive/2020/texmf-dist/fonts/type1/public/amsfonts/cm/cmbx12.pfb><c:/texlive/2020/texmf-dist/fonts/type1/public/amsfonts/cm/cmex10.pfb><c:/texlive/2020/texmf-dist/fonts/type1/public/amsfonts/cm/cmmi10.pfb><c:/texlive/2020/texmf-dist/fonts/type1/public/amsfonts/cm/cmmi5.pfb><c:/texlive/2020/texmf-dist/fonts/type1/public/amsfonts/cm/cmmi6.pfb><c:/texlive/2020/texmf-dist/fonts/type1/public/amsfonts/cm/cmmi7.pfb><c:/texlive/2020/texmf-dist/fonts/type1/public/amsfonts/cm/cmmi8.pfb><c:/texlive/2020/texmf-dist/fonts/type1/public/amsfonts/cm/cmr10.pfb><c:/texlive/2020/texmf-dist/fonts/type1/public/amsfonts/cm/cmr12.pfb><c:/texlive/2020/texmf-dist/fonts/type1/public/amsfonts/cm/cmr17.pfb><c:/texlive/2020/texmf-dist/fonts/type1/public/amsfonts/cm/cmr5.pfb><c:/texlive/2020/texmf-dist/fonts/type1/public/amsfonts/cm/cmr6.pfb><c:/texlive/2020/texmf-dist/fonts/type1/public/amsfonts/cm/cmr7.pfb><c:/texlive/2020/texmf-dist/fonts/type1/public/amsfonts/cm/cmr8.pfb><c:/texlive/2020/texmf-dist/fonts/type1/public/amsfonts/cm/cmsy10.pfb><c:/texlive/2020/texmf-dist/fonts/type1/public/amsfonts/cm/cmsy6.pfb><c:/texlive/2020/texmf-dist/fonts/type1/public/amsfonts/cm/cmsy7.pfb><c:/texlive/2020/texmf-dist/fonts/type1/public/amsfonts/cm/cmsy8.pfb><c:/texlive/2020/texmf-dist/fonts/type1/public/amsfonts/cm/cmtt10.pfb><c:/texlive/2020/texmf-dist/fonts/type1/public/amsfonts/symbols/msam10.pfb><c:/texlive/2020/texmf-dist/fonts/type1/public/amsfonts/symbols/msbm10.pfb><c:/texlive/2020/texmf-dist/fonts/type1/public/amsfonts/symbols/msbm5.pfb><c:/texlive/2020/texmf-dist/fonts/type1/public/amsfonts/symbols/msbm7.pfb><c:/texlive/2020/texmf-dist/fonts/type1/public/cm-super/sfrm1095.pfb><c:/texlive/2020/texmf-dist/fonts/type1/urw/courier/ucrr8a.pfb><c:/texlive/2020/texmf-dist/fonts/type1/urw/times/utmb8a.pfb><c:/texlive/2020/texmf-dist/fonts/type1/urw/times/utmbi8a.pfb><c:/texlive/2020/texmf-dist/fonts/type1/urw/times/utmr8a.pfb><c:/texlive/2020/texmf-dist/fonts/type1/urw/times/utmri8a.pfb>
Output written on c:/Users/Matthew/Documents/GitHub/2020-WP-Project/Documentation_Latex/Documentation.pdf (19 pages, 11466874 bytes).
PDF statistics:
 389 PDF objects out of 1000 (max. 8388607)
 297 compressed objects within 3 object streams
 36 named destinations out of 1000 (max. 500000)
 182 words of extra memory for PDF output out of 10000 (max. 10000000)

